-----> Ruby app detected
-----> Compiling Ruby/Rails
-----> Using Ruby version: ruby-2.6.1
-----> Installing dependencies using bundler 2.0.1
       Running: bundle install --without development:test --path vendor/bundle --binstubs vendor/bundle/bin -j4 --deployment
       The dependency tzinfo-data (>= 0) will be unused by any of the platforms Bundler is installing for. Bundler is installing for ruby but the dependency is only for x86-mingw32, x86-mswin32, x64-mingw32, java. To add those platforms to the bundle, run `bundle lock --add-platform x86-mingw32 x86-mswin32 x64-mingw32 java`.
       Using rake 12.3.2
       Using CFPropertyList 2.3.6
       Using concurrent-ruby 1.1.5
       Using i18n 1.6.0
       Using minitest 5.10.3
       Using thread_safe 0.3.6
       Using tzinfo 1.2.5
       Using activesupport 5.1.7
       Using builder 3.2.3
       Using erubi 1.8.0
       Using mini_portile2 2.4.0
       Using nokogiri 1.10.3
       Using rails-dom-testing 2.0.3
       Using crass 1.0.4
       Using loofah 2.2.3
       Using rails-html-sanitizer 1.0.4
       Using actionview 5.1.7
       Using rack 2.0.7
       Using rack-test 1.1.0
       Using actionpack 5.1.7
       Using nio4r 2.3.1
       Using websocket-extensions 0.1.3
       Using websocket-driver 0.6.5
       Using actioncable 5.1.7
       Using globalid 0.4.2
       Using activejob 5.1.7
       Using mini_mime 1.0.1
       Using mail 2.7.1
       Using actionmailer 5.1.7
       Using activemodel 5.1.7
       Using arel 8.0.0
       Using activerecord 5.1.7
       Using execjs 2.7.0
       Using autoprefixer-rails 9.5.1.1
       Using aws-eventstream 1.0.3
       Using aws-partitions 1.167.0
       Using aws-sigv4 1.1.0
       Using jmespath 1.4.0
       Using aws-sdk-core 3.53.1
       Using aws-sdk-kms 1.21.0
       Using aws-sdk-s3 1.40.0
       Using bcrypt 3.1.12
       Using rb-fsevent 0.10.3
       Using ffi 1.11.1
       Using rb-inotify 0.10.0
       Using sass-listen 4.0.0
       Using sass 3.7.4
       Using bootstrap-sass 3.3.7
       Using bundler 2.0.1
       Using mime-types-data 3.2019.0331
       Using mime-types 3.2.2
       Using carrierwave 1.2.2
       Using coffee-script-source 1.12.2
       Using coffee-script 2.4.1
       Using method_source 0.9.2
       Using thor 0.20.3
       Using railties 5.1.7
       Using coffee-rails 4.2.2
       Using unf_ext 0.0.7.6
       Using unf 0.1.4
       Using domain_name 0.5.20180417
       Using dry-inflector 0.1.2
       Using excon 0.64.0
       Using fission 0.5.0
       Using formatador 0.2.5
       Using fog-core 1.45.0
       Using multi_json 1.13.1
       Using fog-json 1.2.0
       Using ipaddress 0.8.3
       Using xml-simple 1.1.5
       Using fog-aliyun 0.3.3
       Using fog-xml 0.1.3
       Using fog-atmos 0.1.0
       Using fog-aws 2.0.1
       Using fog-brightbox 0.16.1
       Using fog-cloudatcost 0.1.2
       Using fog-digitalocean 0.4.0
       Using fog-dnsimple 1.0.0
       Using fog-dynect 0.0.3
       Using fog-ecloud 0.3.0
       Using fog-google 0.1.0
       Using fog-internet-archive 0.0.1
       Using fog-joyent 0.0.1
       Using fog-local 0.6.0
       Using fog-openstack 0.3.10
       Using json 2.2.0
       Using ovirt-engine-sdk 4.3.0
       Using http-cookie 1.0.3
       Using netrc 0.11.0
       Using rest-client 2.0.2
       Using rbovirt 0.1.7
       Using fog-ovirt 1.2.0
       Using fog-powerdns 0.2.0
       Using fog-profitbricks 4.1.1
       Using fog-rackspace 0.1.6
       Using fog-radosgw 0.0.5
       Using fog-riakcs 0.1.0
       Using fog-sakuracloud 1.7.5
       Using fog-serverlove 0.1.2
       Using fog-softlayer 1.1.4
       Using fog-storm_on_demand 0.1.1
       Using fog-terremark 0.1.0
       Using fog-vmfusion 0.1.0
       Using fog-voxel 0.1.0
       Using optimist 3.0.0
       Using rbvmomi 2.1.2
       Using fog-vsphere 3.0.0
       Using xmlrpc 0.3.0
       Using fog-xenserver 1.0.0
       Using fog 1.42.0
       Using font-awesome-rails 4.7.0.5
       Using jbuilder 2.7.0
       Using jquery-rails 4.3.1
       Using mini_magick 4.7.0
       Using pg 0.20.0
       Using puma 3.9.1
       Using sprockets 3.7.2
       Using sprockets-rails 3.2.1
       Using rails 5.1.7
       Using tilt 2.0.9
       Using sass-rails 5.0.6
       Using turbolinks-source 5.2.0
       Using turbolinks 5.0.1
       Using uglifier 3.2.0
       Bundle complete! 28 Gemfile dependencies, 124 gems now installed.
       Gems in the groups development and test were not installed.
       Bundled gems are installed into `./vendor/bundle`
       Bundle completed (0.54s)
       Cleaning up the bundler cache.
-----> Installing node-v10.14.1-linux-x64
-----> Detecting rake tasks
-----> Preparing app for Rails asset pipeline
       Running: rake assets:precompile
       Yarn executable was not detected in the system.
       Download Yarn at https://yarnpkg.com/en/docs/install
       Asset precompilation completed (3.21s)
       Cleaning assets
       Running: rake assets:clean
-----> Detecting rails configuration
-----> Discovering process types
       Procfile declares types     -> web
       Default types for buildpack -> console, rake
-----> Compressing...
       Done: 49M
-----> Launching...
       Released v38
       https://rmit-rad-assignment.herokuapp.com/ deployed to Heroku
